2022-01-23 12:53:10 [JavaFX Application Thread] INFO  root - Starting the application.
2022-01-23 12:53:13 [JavaFX Application Thread] INFO  root - Difficulty set: Latwy
2022-01-23 12:53:14 [JavaFX Application Thread] INFO  root - Language set: Polish
2022-01-23 12:54:34 [JavaFX Application Thread] INFO  root - Game saved.
2022-01-23 12:54:37 [JavaFX Application Thread] INFO  root - Game loaded.
2022-01-23 14:09:19 [JavaFX Application Thread] INFO  root - Starting the application.
2022-01-23 14:16:19 [JavaFX Application Thread] INFO  root - Starting the application.
2022-01-23 14:17:07 [JavaFX Application Thread] INFO  root - Starting the application.
2022-01-23 14:17:11 [JavaFX Application Thread] INFO  root - Language set: English
2022-01-23 14:17:13 [JavaFX Application Thread] INFO  root - Language set: Polish
2022-01-23 14:17:16 [JavaFX Application Thread] INFO  root - Difficulty set: Latwy
2022-01-24 12:12:01 [JavaFX Application Thread] INFO  root - Starting the application.
2022-01-24 12:13:52 [JavaFX Application Thread] INFO  root - Starting the application.
2022-01-24 12:13:55 [JavaFX Application Thread] INFO  root - Difficulty set: Latwy
2022-01-24 12:13:56 [JavaFX Application Thread] INFO  root - Language set: Polish
2022-01-24 12:15:21 [JavaFX Application Thread] INFO  root - Starting the application.
2022-01-24 12:15:24 [JavaFX Application Thread] INFO  root - Language set: English
2022-01-24 12:15:25 [JavaFX Application Thread] INFO  root - Difficulty set: Choice
2022-01-24 12:15:28 [JavaFX Application Thread] INFO  root - Difficulty set: Easy
2022-01-24 12:26:33 [JavaFX Application Thread] INFO  root - Starting the application.
2022-01-24 12:26:36 [JavaFX Application Thread] INFO  root - Language set: Polish
2022-01-24 12:26:38 [JavaFX Application Thread] INFO  root - Difficulty set: Latwy
2022-01-24 12:29:55 [JavaFX Application Thread] INFO  root - Starting the application.
2022-01-24 12:29:58 [JavaFX Application Thread] INFO  root - Difficulty set: Latwy
2022-01-24 12:30:56 [JavaFX Application Thread] INFO  root - Starting the application.
2022-01-24 12:31:00 [JavaFX Application Thread] INFO  root - Difficulty set: Latwy
2022-01-24 12:33:07 [JavaFX Application Thread] INFO  root - Starting the application.
2022-01-24 12:33:09 [JavaFX Application Thread] INFO  root - Difficulty set: Latwy
2022-01-24 12:35:21 [JavaFX Application Thread] INFO  root - Starting the application.
2022-01-24 12:35:23 [JavaFX Application Thread] INFO  root - Difficulty set: Latwy
2022-01-24 12:36:28 [JavaFX Application Thread] INFO  root - Starting the application.
2022-01-24 12:36:31 [JavaFX Application Thread] INFO  root - Difficulty set: Latwy
2022-01-24 12:36:53 [JavaFX Application Thread] INFO  root - Starting the application.
2022-01-24 12:36:58 [JavaFX Application Thread] INFO  root - Difficulty set: Latwy
2022-01-24 12:38:16 [JavaFX Application Thread] INFO  root - Starting the application.
2022-01-24 12:38:18 [JavaFX Application Thread] INFO  root - Difficulty set: Latwy
2022-01-24 12:40:40 [JavaFX Application Thread] INFO  root - Starting the application.
2022-01-24 12:40:46 [JavaFX Application Thread] INFO  root - Difficulty set: Latwy
2022-01-24 12:41:01 [JavaFX Application Thread] INFO  root - Starting the application.
2022-01-24 12:41:08 [JavaFX Application Thread] INFO  root - Difficulty set: Latwy
2022-01-24 12:42:17 [JavaFX Application Thread] INFO  root - Starting the application.
2022-01-24 12:42:20 [JavaFX Application Thread] INFO  root - Difficulty set: Latwy
2022-01-24 12:42:35 [JavaFX Application Thread] INFO  root - Starting the application.
2022-01-24 12:42:40 [JavaFX Application Thread] INFO  root - Starting the application.
2022-01-24 12:42:43 [JavaFX Application Thread] INFO  root - Difficulty set: Latwy
2022-01-24 12:44:02 [JavaFX Application Thread] INFO  root - Starting the application.
2022-01-24 12:44:06 [JavaFX Application Thread] INFO  root - Difficulty set: Latwy
2022-01-24 12:46:28 [JavaFX Application Thread] INFO  root - Starting the application.
2022-01-24 12:46:31 [JavaFX Application Thread] INFO  root - Difficulty set: Latwy
2022-01-24 12:46:47 [JavaFX Application Thread] ERROR root - Saving to database failed.
2022-01-24 13:13:11 [JavaFX Application Thread] INFO  root - Starting the application.
2022-01-24 13:35:51 [JavaFX Application Thread] INFO  root - Starting the application.
2022-01-24 13:35:55 [JavaFX Application Thread] INFO  root - Difficulty set: Latwy
2022-01-24 13:35:56 [JavaFX Application Thread] INFO  root - Language set: Polish
2022-01-24 13:37:29 [JavaFX Application Thread] INFO  root - Game saved.
2022-01-24 13:37:36 [JavaFX Application Thread] INFO  root - Game loaded.
2022-01-25 12:02:39 [JavaFX Application Thread] INFO  root - Starting the application.
2022-01-25 12:02:42 [JavaFX Application Thread] INFO  root - Difficulty set: Latwy
2022-01-25 12:03:01 [JavaFX Application Thread] INFO  root - Starting the application.
2022-01-25 12:03:03 [JavaFX Application Thread] INFO  root - Difficulty set: Latwy
2022-01-25 12:04:50 [JavaFX Application Thread] INFO  root - Starting the application.
2022-01-25 12:05:09 [JavaFX Application Thread] INFO  root - Difficulty set: Latwy
2022-01-25 12:08:17 [JavaFX Application Thread] INFO  root - Starting the application.
2022-01-25 12:08:21 [JavaFX Application Thread] INFO  root - Difficulty set: Latwy
2022-01-25 12:08:43 [JavaFX Application Thread] INFO  root - Starting the application.
2022-01-25 12:08:46 [JavaFX Application Thread] WARN  root - Difficulty not set.
2022-01-25 12:08:48 [JavaFX Application Thread] INFO  root - Difficulty set: Latwy
2022-01-25 12:10:14 [JavaFX Application Thread] INFO  root - Starting the application.
2022-01-25 12:10:18 [JavaFX Application Thread] INFO  root - Language set: English
2022-01-25 12:10:21 [JavaFX Application Thread] INFO  root - Difficulty set: Easy
2022-01-25 21:28:56 [JavaFX Application Thread] INFO  root - Starting the application.
2022-01-25 21:29:05 [JavaFX Application Thread] INFO  root - Language set: English
2022-01-25 21:29:07 [JavaFX Application Thread] INFO  root - Difficulty set: Easy
2022-01-26 12:58:05 [JavaFX Application Thread] INFO  root - Starting the application.
2022-01-26 12:58:12 [JavaFX Application Thread] INFO  root - Language set: English
2022-01-26 12:58:14 [JavaFX Application Thread] INFO  root - Difficulty set: Easy
2022-01-26 12:58:27 [JavaFX Application Thread] ERROR root - Saving to database failed.
